2023-12-19 19:12:220 INFO  ManageBrowser :33 - Chrome Browser Launch .....
2023-12-19 19:12:69 INFO  ManageBrowser :46 - Send Admin to username field : [[ChromeDriver: chrome on windows (6938d41399bd29a79d2104fb43f0aebf)] -> xpath: //input[@placeholder='Username']]
2023-12-19 19:12:106 INFO  ManageBrowser :51 - Send admin123 to password field : [[ChromeDriver: chrome on windows (6938d41399bd29a79d2104fb43f0aebf)] -> xpath: //input[@placeholder='Password']]
2023-12-19 19:12:137 INFO  ManageBrowser :56 - Clicking on Login button : [[ChromeDriver: chrome on windows (6938d41399bd29a79d2104fb43f0aebf)] -> xpath: //button[normalize-space()='Login']]
2023-12-19 19:12:705 INFO  ManageBrowser :28 - Getting text from : [[ChromeDriver: chrome on windows (6938d41399bd29a79d2104fb43f0aebf)] -> xpath: //h6[normalize-space()='Dashboard']]
2023-12-19 19:12:479 INFO  ManageBrowser :33 - Chrome Browser Launch .....
2023-12-19 19:12:342 INFO  ManageBrowser :46 - Send Admin to username field : [[ChromeDriver: chrome on windows (d1ee479cb3862dab938c30d577641a8e)] -> xpath: //input[@placeholder='Username']]
2023-12-19 19:12:389 INFO  ManageBrowser :51 - Send admin123 to password field : [[ChromeDriver: chrome on windows (d1ee479cb3862dab938c30d577641a8e)] -> xpath: //input[@placeholder='Password']]
2023-12-19 19:12:420 INFO  ManageBrowser :56 - Clicking on Login button : [[ChromeDriver: chrome on windows (d1ee479cb3862dab938c30d577641a8e)] -> xpath: //button[normalize-space()='Login']]
2023-12-19 19:12:47 INFO  ManageBrowser :41 - Verifying orangeHRM Logo from : [[ChromeDriver: chrome on windows (d1ee479cb3862dab938c30d577641a8e)] -> xpath: //img[@alt='client brand banner']]
2023-12-19 19:12:859 INFO  ManageBrowser :33 - Chrome Browser Launch .....
2023-12-19 19:12:824 INFO  ManageBrowser :46 - Send Admin to username field : [[ChromeDriver: chrome on windows (fe06adbcc42d854346b398bbf4f92f70)] -> xpath: //input[@placeholder='Username']]
2023-12-19 19:12:873 INFO  ManageBrowser :51 - Send admin123 to password field : [[ChromeDriver: chrome on windows (fe06adbcc42d854346b398bbf4f92f70)] -> xpath: //input[@placeholder='Password']]
2023-12-19 19:12:904 INFO  ManageBrowser :56 - Clicking on Login button : [[ChromeDriver: chrome on windows (fe06adbcc42d854346b398bbf4f92f70)] -> xpath: //button[normalize-space()='Login']]
2023-12-19 19:12:507 INFO  ManageBrowser :34 - Clicking on user profile logo : [[ChromeDriver: chrome on windows (fe06adbcc42d854346b398bbf4f92f70)] -> xpath: //img[@class='oxd-userdropdown-img']]
2023-12-19 19:12:416 INFO  ManageBrowser :39 - Clicking on logout link : [[ChromeDriver: chrome on windows (fe06adbcc42d854346b398bbf4f92f70)] -> xpath: //a[normalize-space()='Logout']]
2023-12-19 19:12:476 INFO  ManageBrowser :60 - Verify text for login panel : Proxy element for: DefaultElementLocator 'By.xpath: //h5[normalize-space()='Login']'
2023-12-19 19:12:474 INFO  ManageBrowser :33 - Chrome Browser Launch .....
2023-12-19 19:12:364 INFO  ManageBrowser :46 - Send  to username field : [[ChromeDriver: chrome on windows (0d44e01ec0d6dc902dac2e6cd444dd3f)] -> xpath: //input[@placeholder='Username']]
2023-12-19 19:12:398 INFO  ManageBrowser :51 - Send  to password field : [[ChromeDriver: chrome on windows (0d44e01ec0d6dc902dac2e6cd444dd3f)] -> xpath: //input[@placeholder='Password']]
2023-12-19 19:12:421 INFO  ManageBrowser :56 - Clicking on Login button : [[ChromeDriver: chrome on windows (0d44e01ec0d6dc902dac2e6cd444dd3f)] -> xpath: //button[normalize-space()='Login']]
2023-12-19 19:12:437 INFO  ManageBrowser :65 - Getting username field blank error message : [[ChromeDriver: chrome on windows (0d44e01ec0d6dc902dac2e6cd444dd3f)] -> xpath: //div[@class='orangehrm-login-slot-wrapper']//div[1]//div[1]//span[1]]
2023-12-19 19:12:207 INFO  ManageBrowser :33 - Chrome Browser Launch .....
2023-12-19 19:12:514 INFO  ManageBrowser :46 - Send test123@gmail.com to username field : [[ChromeDriver: chrome on windows (6732b7c2264a8f3e92f50af945bedad6)] -> xpath: //input[@placeholder='Username']]
2023-12-19 19:12:549 INFO  ManageBrowser :51 - Send  to password field : [[ChromeDriver: chrome on windows (6732b7c2264a8f3e92f50af945bedad6)] -> xpath: //input[@placeholder='Password']]
2023-12-19 19:12:578 INFO  ManageBrowser :56 - Clicking on Login button : [[ChromeDriver: chrome on windows (6732b7c2264a8f3e92f50af945bedad6)] -> xpath: //button[normalize-space()='Login']]
2023-12-19 19:12:587 INFO  ManageBrowser :70 - Getting password field blank error message : [[ChromeDriver: chrome on windows (6732b7c2264a8f3e92f50af945bedad6)] -> xpath: //span[@class='oxd-text oxd-text--span oxd-input-field-error-message oxd-input-group__message']]
2023-12-19 19:12:345 INFO  ManageBrowser :33 - Chrome Browser Launch .....
2023-12-19 19:12:743 INFO  ManageBrowser :46 - Send  to username field : [[ChromeDriver: chrome on windows (46af686ae3db0b24ab849425f96a11ae)] -> xpath: //input[@placeholder='Username']]
2023-12-19 19:12:784 INFO  ManageBrowser :51 - Send test123 to password field : [[ChromeDriver: chrome on windows (46af686ae3db0b24ab849425f96a11ae)] -> xpath: //input[@placeholder='Password']]
2023-12-19 19:12:816 INFO  ManageBrowser :56 - Clicking on Login button : [[ChromeDriver: chrome on windows (46af686ae3db0b24ab849425f96a11ae)] -> xpath: //button[normalize-space()='Login']]
2023-12-19 19:12:825 INFO  ManageBrowser :65 - Getting username field blank error message : [[ChromeDriver: chrome on windows (46af686ae3db0b24ab849425f96a11ae)] -> xpath: //div[@class='orangehrm-login-slot-wrapper']//div[1]//div[1]//span[1]]
2023-12-19 19:12:612 INFO  ManageBrowser :33 - Chrome Browser Launch .....
2023-12-19 19:12:741 INFO  ManageBrowser :46 - Send test123@gmail.com to username field : [[ChromeDriver: chrome on windows (f117f8c1aa1682e9ccdd32efe8e3f9cd)] -> xpath: //input[@placeholder='Username']]
2023-12-19 19:12:781 INFO  ManageBrowser :51 - Send test123 to password field : [[ChromeDriver: chrome on windows (f117f8c1aa1682e9ccdd32efe8e3f9cd)] -> xpath: //input[@placeholder='Password']]
2023-12-19 19:12:811 INFO  ManageBrowser :56 - Clicking on Login button : [[ChromeDriver: chrome on windows (f117f8c1aa1682e9ccdd32efe8e3f9cd)] -> xpath: //button[normalize-space()='Login']]
2023-12-19 19:12:953 INFO  ManageBrowser :75 - Getting invalid credential error message : [[ChromeDriver: chrome on windows (f117f8c1aa1682e9ccdd32efe8e3f9cd)] -> xpath: //p[@class='oxd-text oxd-text--p oxd-alert-content-text']]
2023-12-19 19:12:739 INFO  ManageBrowser :33 - Chrome Browser Launch .....
2023-12-19 19:12:415 INFO  ManageBrowser :46 - Send Admin to username field : [[ChromeDriver: chrome on windows (209e5dbcef758372432503bf87306387)] -> xpath: //input[@placeholder='Username']]
2023-12-19 19:12:455 INFO  ManageBrowser :51 - Send admin123 to password field : [[ChromeDriver: chrome on windows (209e5dbcef758372432503bf87306387)] -> xpath: //input[@placeholder='Password']]
2023-12-19 19:12:485 INFO  ManageBrowser :56 - Clicking on Login button : [[ChromeDriver: chrome on windows (209e5dbcef758372432503bf87306387)] -> xpath: //button[normalize-space()='Login']]
2023-12-19 19:12:232 INFO  ManageBrowser :47 - Clicking on Admin link : [[ChromeDriver: chrome on windows (209e5dbcef758372432503bf87306387)] -> xpath: //li[1]//a[1]//span[1]]
2023-12-19 19:12:561 INFO  ManageBrowser :92 - Verifying System Users text : [[ChromeDriver: chrome on windows (209e5dbcef758372432503bf87306387)] -> xpath: //h5[normalize-space()='System Users']]
2023-12-19 19:12:53 INFO  ManageBrowser :163 - Clicking on Add button : [[ChromeDriver: chrome on windows (209e5dbcef758372432503bf87306387)] -> xpath: //button[normalize-space()='Add']]
2023-12-19 19:12:366 INFO  ManageBrowser :76 - Verifying AddUser text from : [[ChromeDriver: chrome on windows (209e5dbcef758372432503bf87306387)] -> xpath: //h6[normalize-space()='Add User']]
2023-12-19 19:12:381 INFO  ManageBrowser :81 - Clicking on UserRole drop-down : [[ChromeDriver: chrome on windows (209e5dbcef758372432503bf87306387)] -> xpath: (//div[@class = 'oxd-select-wrapper'])[1]]
2023-12-19 19:12:506 INFO  ManageBrowser :86 - Clicking on Admin option in UserRole drop-down : [[ChromeDriver: chrome on windows (209e5dbcef758372432503bf87306387)] -> xpath: //span[contains(text(),'Admin')]]
2023-12-19 19:12:558 INFO  ManageBrowser :97 - Enter Peter Mac Anderson to Employee Name field : [[ChromeDriver: chrome on windows (209e5dbcef758372432503bf87306387)] -> xpath: //input[@placeholder='Type for hints...']]
2023-12-19 19:12:610 INFO  ManageBrowser :117 - Enter Prime78 to User Name field : [[ChromeDriver: chrome on windows (209e5dbcef758372432503bf87306387)] -> xpath: //div[@class = 'oxd-form-row']//input[@class = 'oxd-input oxd-input--active']]
2023-12-19 19:12:640 INFO  ManageBrowser :102 - Clicking on Status drop-down : [[ChromeDriver: chrome on windows (209e5dbcef758372432503bf87306387)] -> xpath: //div[contains(text(),'-- Select --')]]
2023-12-19 19:12:779 INFO  ManageBrowser :107 - Clicking on Disable option in Status drop-down : [[ChromeDriver: chrome on windows (209e5dbcef758372432503bf87306387)] -> xpath: //span[normalize-space()='Disabled']]
2023-12-19 19:12:823 INFO  ManageBrowser :122 - Enter prime123 to Password field : [[ChromeDriver: chrome on windows (209e5dbcef758372432503bf87306387)] -> xpath: //div[@class='oxd-grid-item oxd-grid-item--gutters user-password-cell']//div[@class='oxd-input-group oxd-input-field-bottom-space']//div//input[@type='password']]
2023-12-19 19:12:860 INFO  ManageBrowser :127 - Enter prime123 to Confirm Password field : [[ChromeDriver: chrome on windows (209e5dbcef758372432503bf87306387)] -> xpath: //div[@class='oxd-grid-item oxd-grid-item--gutters']//div[@class='oxd-input-group oxd-input-field-bottom-space']//div//input[@type='password']]
2023-12-19 19:12:903 INFO  ManageBrowser :132 - Clicking on Save button : [[ChromeDriver: chrome on windows (209e5dbcef758372432503bf87306387)] -> xpath: //button[normalize-space()='Save']]
2023-12-19 19:12:915 INFO  ManageBrowser :141 - Getting User Added Successfully message : Proxy element for: DefaultElementLocator 'By.xpath: //p[@class='oxd-text oxd-text--p oxd-text--toast-message oxd-toast-content-text']'
2023-12-19 19:12:970 INFO  ManageBrowser :33 - Chrome Browser Launch .....
2023-12-19 19:12:471 INFO  ManageBrowser :46 - Send Admin to username field : [[ChromeDriver: chrome on windows (38d21fd6653a85036fb488f51ff86df1)] -> xpath: //input[@placeholder='Username']]
2023-12-19 19:12:503 INFO  ManageBrowser :51 - Send admin123 to password field : [[ChromeDriver: chrome on windows (38d21fd6653a85036fb488f51ff86df1)] -> xpath: //input[@placeholder='Password']]
2023-12-19 19:12:534 INFO  ManageBrowser :56 - Clicking on Login button : [[ChromeDriver: chrome on windows (38d21fd6653a85036fb488f51ff86df1)] -> xpath: //button[normalize-space()='Login']]
2023-12-19 19:12:309 INFO  ManageBrowser :47 - Clicking on Admin link : [[ChromeDriver: chrome on windows (38d21fd6653a85036fb488f51ff86df1)] -> xpath: //li[1]//a[1]//span[1]]
2023-12-19 19:12:712 INFO  ManageBrowser :92 - Verifying System Users text : [[ChromeDriver: chrome on windows (38d21fd6653a85036fb488f51ff86df1)] -> xpath: //h5[normalize-space()='System Users']]
2023-12-19 19:12:765 INFO  ManageBrowser :98 - Enter Prime78 to User Name field : [[ChromeDriver: chrome on windows (38d21fd6653a85036fb488f51ff86df1)] -> xpath: //div[@class='oxd-input-group oxd-input-field-bottom-space']//div//input[@class='oxd-input oxd-input--active']]
2023-12-19 19:12:775 INFO  ManageBrowser :102 - Clicking on UserRole drop-down : [[ChromeDriver: chrome on windows (38d21fd6653a85036fb488f51ff86df1)] -> xpath: //div[@class='oxd-table-filter-area']//div[2]//div[1]//div[2]//div[1]//div[1]//div[1]]
2023-12-19 19:12:802 INFO  ManageBrowser :107 - Clicking on Admin option in UserRole drop-down : [[ChromeDriver: chrome on windows (38d21fd6653a85036fb488f51ff86df1)] -> xpath: //span[contains(text(),'Admin')]]
2023-12-19 19:12:974 INFO  ManageBrowser :118 - Clicking on Status drop-down : [[ChromeDriver: chrome on windows (38d21fd6653a85036fb488f51ff86df1)] -> xpath: (//i)[13]]
2023-12-19 19:12:105 INFO  ManageBrowser :123 - Clicking on Disable option in Status drop-down : [[ChromeDriver: chrome on windows (38d21fd6653a85036fb488f51ff86df1)] -> xpath: //span[normalize-space()='Disabled']]
2023-12-19 19:12:138 INFO  ManageBrowser :133 - Clicking on Search button : [[ChromeDriver: chrome on windows (38d21fd6653a85036fb488f51ff86df1)] -> xpath: //button[normalize-space()='Search']]
2023-12-19 19:12:223 INFO  ManageBrowser :142 - Getting UserName from record : [[ChromeDriver: chrome on windows (38d21fd6653a85036fb488f51ff86df1)] -> xpath: (//div[@data-v-6c07a142])[1]]
2023-12-19 19:12:156 INFO  ManageBrowser :33 - Chrome Browser Launch .....
2023-12-19 19:12:830 INFO  ManageBrowser :46 - Send Admin to username field : [[ChromeDriver: chrome on windows (e530f159b8406b6d94944348c33ab179)] -> xpath: //input[@placeholder='Username']]
2023-12-19 19:12:869 INFO  ManageBrowser :51 - Send admin123 to password field : [[ChromeDriver: chrome on windows (e530f159b8406b6d94944348c33ab179)] -> xpath: //input[@placeholder='Password']]
2023-12-19 19:12:898 INFO  ManageBrowser :56 - Clicking on Login button : [[ChromeDriver: chrome on windows (e530f159b8406b6d94944348c33ab179)] -> xpath: //button[normalize-space()='Login']]
2023-12-19 19:12:512 INFO  ManageBrowser :47 - Clicking on Admin link : [[ChromeDriver: chrome on windows (e530f159b8406b6d94944348c33ab179)] -> xpath: //li[1]//a[1]//span[1]]
2023-12-19 19:12:34 INFO  ManageBrowser :92 - Verifying System Users text : [[ChromeDriver: chrome on windows (e530f159b8406b6d94944348c33ab179)] -> xpath: //h5[normalize-space()='System Users']]
2023-12-19 19:12:84 INFO  ManageBrowser :98 - Enter Prime78 to User Name field : [[ChromeDriver: chrome on windows (e530f159b8406b6d94944348c33ab179)] -> xpath: //div[@class='oxd-input-group oxd-input-field-bottom-space']//div//input[@class='oxd-input oxd-input--active']]
2023-12-19 19:12:95 INFO  ManageBrowser :102 - Clicking on UserRole drop-down : [[ChromeDriver: chrome on windows (e530f159b8406b6d94944348c33ab179)] -> xpath: //div[@class='oxd-table-filter-area']//div[2]//div[1]//div[2]//div[1]//div[1]//div[1]]
2023-12-19 19:12:123 INFO  ManageBrowser :107 - Clicking on Admin option in UserRole drop-down : [[ChromeDriver: chrome on windows (e530f159b8406b6d94944348c33ab179)] -> xpath: //span[contains(text(),'Admin')]]
2023-12-19 19:12:285 INFO  ManageBrowser :118 - Clicking on Status drop-down : [[ChromeDriver: chrome on windows (e530f159b8406b6d94944348c33ab179)] -> xpath: (//i)[13]]
2023-12-19 19:12:456 INFO  ManageBrowser :123 - Clicking on Disable option in Status drop-down : [[ChromeDriver: chrome on windows (e530f159b8406b6d94944348c33ab179)] -> xpath: //span[normalize-space()='Disabled']]
2023-12-19 19:12:491 INFO  ManageBrowser :133 - Clicking on Search button : [[ChromeDriver: chrome on windows (e530f159b8406b6d94944348c33ab179)] -> xpath: //button[normalize-space()='Search']]
2023-12-19 19:12:550 INFO  ManageBrowser :142 - Getting UserName from record : Proxy element for: DefaultElementLocator 'By.xpath: (//div[@data-v-6c07a142])[1]'
2023-12-19 19:12:586 INFO  ManageBrowser :33 - Chrome Browser Launch .....
2023-12-19 19:12:301 INFO  ManageBrowser :46 - Send Admin to username field : [[ChromeDriver: chrome on windows (afe65eb00a4095329eee06ec64b815b2)] -> xpath: //input[@placeholder='Username']]
2023-12-19 19:12:342 INFO  ManageBrowser :51 - Send admin123 to password field : [[ChromeDriver: chrome on windows (afe65eb00a4095329eee06ec64b815b2)] -> xpath: //input[@placeholder='Password']]
2023-12-19 19:12:371 INFO  ManageBrowser :56 - Clicking on Login button : [[ChromeDriver: chrome on windows (afe65eb00a4095329eee06ec64b815b2)] -> xpath: //button[normalize-space()='Login']]
2023-12-19 19:12:35 INFO  ManageBrowser :47 - Clicking on Admin link : [[ChromeDriver: chrome on windows (afe65eb00a4095329eee06ec64b815b2)] -> xpath: //li[1]//a[1]//span[1]]
2023-12-19 19:12:431 INFO  ManageBrowser :92 - Verifying System Users text : [[ChromeDriver: chrome on windows (afe65eb00a4095329eee06ec64b815b2)] -> xpath: //h5[normalize-space()='System Users']]
2023-12-19 19:12:478 INFO  ManageBrowser :98 - Enter Admin to User Name field : [[ChromeDriver: chrome on windows (afe65eb00a4095329eee06ec64b815b2)] -> xpath: //div[@class='oxd-input-group oxd-input-field-bottom-space']//div//input[@class='oxd-input oxd-input--active']]
2023-12-19 19:12:488 INFO  ManageBrowser :102 - Clicking on UserRole drop-down : [[ChromeDriver: chrome on windows (afe65eb00a4095329eee06ec64b815b2)] -> xpath: //div[@class='oxd-table-filter-area']//div[2]//div[1]//div[2]//div[1]//div[1]//div[1]]
2023-12-19 19:12:516 INFO  ManageBrowser :112 - Clicking on ESS option in UserRole drop-down : [[ChromeDriver: chrome on windows (afe65eb00a4095329eee06ec64b815b2)] -> xpath: //span[contains(text(),'ESS')]]
2023-12-19 19:12:682 INFO  ManageBrowser :118 - Clicking on Status drop-down : [[ChromeDriver: chrome on windows (afe65eb00a4095329eee06ec64b815b2)] -> xpath: (//i)[13]]
2023-12-19 19:12:828 INFO  ManageBrowser :123 - Clicking on Disable option in Status drop-down : [[ChromeDriver: chrome on windows (afe65eb00a4095329eee06ec64b815b2)] -> xpath: //span[normalize-space()='Disabled']]
2023-12-19 19:12:856 INFO  ManageBrowser :133 - Clicking on Search button : [[ChromeDriver: chrome on windows (afe65eb00a4095329eee06ec64b815b2)] -> xpath: //button[normalize-space()='Search']]
2023-12-19 19:12:905 INFO  ManageBrowser :167 - Getting OneRecord Found message : Proxy element for: DefaultElementLocator 'By.xpath: //span[normalize-space()='(1) Record Found']'
2023-12-19 19:12:362 INFO  ManageBrowser :33 - Chrome Browser Launch .....
2023-12-19 19:12:669 INFO  ManageBrowser :46 - Send Admin to username field : [[ChromeDriver: chrome on windows (09738b90dcfcb805fb0c9d402daaceda)] -> xpath: //input[@placeholder='Username']]
2023-12-19 19:12:712 INFO  ManageBrowser :51 - Send admin123 to password field : [[ChromeDriver: chrome on windows (09738b90dcfcb805fb0c9d402daaceda)] -> xpath: //input[@placeholder='Password']]
2023-12-19 19:12:741 INFO  ManageBrowser :56 - Clicking on Login button : [[ChromeDriver: chrome on windows (09738b90dcfcb805fb0c9d402daaceda)] -> xpath: //button[normalize-space()='Login']]
2023-12-19 19:12:855 INFO  ManageBrowser :47 - Clicking on Admin link : [[ChromeDriver: chrome on windows (09738b90dcfcb805fb0c9d402daaceda)] -> xpath: //li[1]//a[1]//span[1]]
2023-12-19 19:12:285 INFO  ManageBrowser :92 - Verifying System Users text : [[ChromeDriver: chrome on windows (09738b90dcfcb805fb0c9d402daaceda)] -> xpath: //h5[normalize-space()='System Users']]
2023-12-19 19:12:340 INFO  ManageBrowser :98 - Enter Nina.Patel to User Name field : [[ChromeDriver: chrome on windows (09738b90dcfcb805fb0c9d402daaceda)] -> xpath: //div[@class='oxd-input-group oxd-input-field-bottom-space']//div//input[@class='oxd-input oxd-input--active']]
2023-12-19 19:12:349 INFO  ManageBrowser :102 - Clicking on UserRole drop-down : [[ChromeDriver: chrome on windows (09738b90dcfcb805fb0c9d402daaceda)] -> xpath: //div[@class='oxd-table-filter-area']//div[2]//div[1]//div[2]//div[1]//div[1]//div[1]]
2023-12-19 19:12:379 INFO  ManageBrowser :112 - Clicking on ESS option in UserRole drop-down : [[ChromeDriver: chrome on windows (09738b90dcfcb805fb0c9d402daaceda)] -> xpath: //span[contains(text(),'ESS')]]
2023-12-19 19:12:551 INFO  ManageBrowser :118 - Clicking on Status drop-down : [[ChromeDriver: chrome on windows (09738b90dcfcb805fb0c9d402daaceda)] -> xpath: (//i)[13]]
2023-12-19 19:12:692 INFO  ManageBrowser :123 - Clicking on Disable option in Status drop-down : [[ChromeDriver: chrome on windows (09738b90dcfcb805fb0c9d402daaceda)] -> xpath: //span[normalize-space()='Disabled']]
2023-12-19 19:12:729 INFO  ManageBrowser :133 - Clicking on Search button : [[ChromeDriver: chrome on windows (09738b90dcfcb805fb0c9d402daaceda)] -> xpath: //button[normalize-space()='Search']]
2023-12-19 19:12:231 INFO  ManageBrowser :167 - Getting OneRecord Found message : Proxy element for: DefaultElementLocator 'By.xpath: //span[normalize-space()='(1) Record Found']'
